# JRE version: OpenJDK Runtime Environment (17.0.6) (build 17.0.6+0-b2043.56-10027231)
# Java VM: OpenJDK 64-Bit Server VM (17.0.6+0-b2043.56-10027231, mixed mode, tiered, compressed oops, compressed class ptrs, g1 gc, windows-amd64)
GC Precious Log:
 CPUs: 8 total, 8 available
 Memory: 16228M
 Large Page Support: Disabled
 NUMA Support: Disabled
 Compressed Oops: Enabled (32-bit)
 Heap Region Size: 1M
 Heap Min Capacity: 8M
 Heap Initial Capacity: 254M
 Heap Max Capacity: 2G
 Pre-touch: Disabled
 Parallel Workers: 8
 Concurrent Workers: 2
 Concurrent Refinement Workers: 8
 Periodic GC: Disabled
Heap:
 garbage-first heap   total 334848K, used 148115K [0x0000000080000000, 0x0000000100000000)
  region size 1024K, 5 young (5120K), 5 survivors (5120K)
 Metaspace       used 137472K, committed 138752K, reserved 1171456K
  class space    used 18018K, committed 18624K, reserved 1048576K
GC Heap History (20 events):
Event: 900.022 GC heap after
{Heap after GC invocations=65 (full 0):
 garbage-first heap   total 334848K, used 142392K [0x0000000080000000, 0x0000000100000000)
  region size 1024K, 2 young (2048K), 2 survivors (2048K)
 Metaspace       used 132498K, committed 133504K, reserved 1171456K
  class space    used 17468K, committed 17984K, reserved 1048576K
}
Event: 900.666 GC heap before
{Heap before GC invocations=65 (full 0):
 garbage-first heap   total 334848K, used 203832K [0x0000000080000000, 0x0000000100000000)
  region size 1024K, 63 young (64512K), 2 survivors (2048K)
 Metaspace       used 132788K, committed 133824K, reserved 1171456K
  class space    used 17470K, committed 17984K, reserved 1048576K
}
Event: 900.671 GC heap after
{Heap after GC invocations=66 (full 0):
 garbage-first heap   total 334848K, used 144861K [0x0000000080000000, 0x0000000100000000)
  region size 1024K, 4 young (4096K), 4 survivors (4096K)
 Metaspace       used 132788K, committed 133824K, reserved 1171456K
  class space    used 17470K, committed 17984K, reserved 1048576K
}
Event: 1334.557 GC heap before
{Heap before GC invocations=67 (full 0):
 garbage-first heap   total 334848K, used 292317K [0x0000000080000000, 0x0000000100000000)
  region size 1024K, 114 young (116736K), 4 survivors (4096K)
 Metaspace       used 133457K, committed 134656K, reserved 1171456K
  class space    used 17588K, committed 18176K, reserved 1048576K
}
Event: 1334.571 GC heap after
{Heap after GC invocations=68 (full 0):
 garbage-first heap   total 334848K, used 161623K [0x0000000080000000, 0x0000000100000000)
  region size 1024K, 15 young (15360K), 15 survivors (15360K)
 Metaspace       used 133457K, committed 134656K, reserved 1171456K
  class space    used 17588K, committed 18176K, reserved 1048576K
}
Event: 1334.575 GC heap before
{Heap before GC invocations=68 (full 0):
 garbage-first heap   total 334848K, used 162647K [0x0000000080000000, 0x0000000100000000)
  region size 1024K, 16 young (16384K), 15 survivors (15360K)
 Metaspace       used 133462K, committed 134656K, reserved 1171456K
  class space    used 17588K, committed 18176K, reserved 1048576K
}
Event: 1334.591 GC heap after
{Heap after GC invocations=69 (full 0):
 garbage-first heap   total 334848K, used 144056K [0x0000000080000000, 0x0000000100000000)
  region size 1024K, 2 young (2048K), 2 survivors (2048K)
 Metaspace       used 133462K, committed 134656K, reserved 1171456K
  class space    used 17588K, committed 18176K, reserved 1048576K
}
Event: 1335.261 GC heap before
{Heap before GC invocations=69 (full 0):
 garbage-first heap   total 334848K, used 206520K [0x0000000080000000, 0x0000000100000000)
  region size 1024K, 65 young (66560K), 2 survivors (2048K)
 Metaspace       used 134053K, committed 135424K, reserved 1171456K
  class space    used 17648K, committed 18304K, reserved 1048576K
}
Event: 1335.265 GC heap after
{Heap after GC invocations=70 (full 0):
 garbage-first heap   total 334848K, used 146194K [0x0000000080000000, 0x0000000100000000)
  region size 1024K, 4 young (4096K), 4 survivors (4096K)
 Metaspace       used 134053K, committed 135424K, reserved 1171456K
  class space    used 17648K, committed 18304K, reserved 1048576K
}
Event: 1634.014 GC heap before
{Heap before GC invocations=71 (full 0):
 garbage-first heap   total 334848K, used 291602K [0x0000000080000000, 0x0000000100000000)
  region size 1024K, 110 young (112640K), 4 survivors (4096K)
 Metaspace       used 134214K, committed 135552K, reserved 1171456K
  class space    used 17652K, committed 18304K, reserved 1048576K
}
Event: 1634.038 GC heap after
{Heap after GC invocations=72 (full 0):
 garbage-first heap   total 334848K, used 164864K [0x0000000080000000, 0x0000000100000000)
  region size 1024K, 14 young (14336K), 14 survivors (14336K)
 Metaspace       used 134214K, committed 135552K, reserved 1171456K
  class space    used 17652K, committed 18304K, reserved 1048576K
}
Event: 1634.048 GC heap before
{Heap before GC invocations=72 (full 0):
 garbage-first heap   total 334848K, used 166912K [0x0000000080000000, 0x0000000100000000)
  region size 1024K, 16 young (16384K), 14 survivors (14336K)
 Metaspace       used 134214K, committed 135552K, reserved 1171456K
  class space    used 17652K, committed 18304K, reserved 1048576K
}
Event: 1634.064 GC heap after
{Heap after GC invocations=73 (full 0):
 garbage-first heap   total 334848K, used 144276K [0x0000000080000000, 0x0000000100000000)
  region size 1024K, 2 young (2048K), 2 survivors (2048K)
 Metaspace       used 134214K, committed 135552K, reserved 1171456K
  class space    used 17652K, committed 18304K, reserved 1048576K
}
Event: 1634.682 GC heap before
{Heap before GC invocations=73 (full 0):
 garbage-first heap   total 334848K, used 202644K [0x0000000080000000, 0x0000000100000000)
  region size 1024K, 61 young (62464K), 2 survivors (2048K)
 Metaspace       used 134412K, committed 135744K, reserved 1171456K
  class space    used 17655K, committed 18304K, reserved 1048576K
}
Event: 1634.688 GC heap after
{Heap after GC invocations=74 (full 0):
 garbage-first heap   total 334848K, used 145754K [0x0000000080000000, 0x0000000100000000)
  region size 1024K, 4 young (4096K), 4 survivors (4096K)
 Metaspace       used 134412K, committed 135744K, reserved 1171456K
  class space    used 17655K, committed 18304K, reserved 1048576K
}
Event: 2207.931 GC heap before
{Heap before GC invocations=75 (full 0):
 garbage-first heap   total 334848K, used 290138K [0x0000000080000000, 0x0000000100000000)
  region size 1024K, 110 young (112640K), 4 survivors (4096K)
 Metaspace       used 137281K, committed 138624K, reserved 1171456K
  class space    used 18009K, committed 18624K, reserved 1048576K
}
Event: 2207.949 GC heap after
{Heap after GC invocations=76 (full 0):
 garbage-first heap   total 334848K, used 167292K [0x0000000080000000, 0x0000000100000000)
  region size 1024K, 14 young (14336K), 14 survivors (14336K)
 Metaspace       used 137281K, committed 138624K, reserved 1171456K
  class space    used 18009K, committed 18624K, reserved 1048576K
}
Event: 2207.990 GC heap before
{Heap before GC invocations=76 (full 0):
 garbage-first heap   total 334848K, used 169340K [0x0000000080000000, 0x0000000100000000)
  region size 1024K, 16 young (16384K), 14 survivors (14336K)
 Metaspace       used 137314K, committed 138624K, reserved 1171456K
  class space    used 18010K, committed 18624K, reserved 1048576K
}
Event: 2208.005 GC heap after
{Heap after GC invocations=77 (full 0):
 garbage-first heap   total 334848K, used 145457K [0x0000000080000000, 0x0000000100000000)
  region size 1024K, 2 young (2048K), 2 survivors (2048K)
 Metaspace       used 137314K, committed 138624K, reserved 1171456K
  class space    used 18010K, committed 18624K, reserved 1048576K
}
Event: 2208.158 GC heap before
{Heap before GC invocations=77 (full 0):
 garbage-first heap   total 334848K, used 152625K [0x0000000080000000, 0x0000000100000000)
  region size 1024K, 10 young (10240K), 2 survivors (2048K)
 Metaspace       used 137472K, committed 138752K, reserved 1171456K
  class space    used 18018K, committed 18624K, reserved 1048576K
}

