# JRE version: OpenJDK Runtime Environment (17.0.6) (build 17.0.6+0-b2043.56-10027231)
# Java VM: OpenJDK 64-Bit Server VM (17.0.6+0-b2043.56-10027231, mixed mode, tiered, compressed oops, compressed class ptrs, g1 gc, windows-amd64)
GC Precious Log:
 CPUs: 8 total, 8 available
 Memory: 16228M
 Large Page Support: Disabled
 NUMA Support: Disabled
 Compressed Oops: Enabled (32-bit)
 Heap Region Size: 1M
 Heap Min Capacity: 8M
 Heap Initial Capacity: 254M
 Heap Max Capacity: 2G
 Pre-touch: Disabled
 Parallel Workers: 8
 Concurrent Workers: 2
 Concurrent Refinement Workers: 8
 Periodic GC: Disabled
Heap:
 garbage-first heap   total 314368K, used 193478K [0x0000000080000000, 0x0000000100000000)
  region size 1024K, 10 young (10240K), 2 survivors (2048K)
 Metaspace       used 112868K, committed 113600K, reserved 1155072K
  class space    used 14534K, committed 14912K, reserved 1048576K
GC Heap History (20 events):
Event: 26.791 GC heap before
{Heap before GC invocations=50 (full 0):
 garbage-first heap   total 230400K, used 179597K [0x0000000080000000, 0x0000000100000000)
  region size 1024K, 74 young (75776K), 4 survivors (4096K)
 Metaspace       used 104637K, committed 105408K, reserved 1146880K
  class space    used 13730K, committed 14080K, reserved 1048576K
}
Event: 26.799 GC heap after
{Heap after GC invocations=51 (full 0):
 garbage-first heap   total 230400K, used 116991K [0x0000000080000000, 0x0000000100000000)
  region size 1024K, 10 young (10240K), 10 survivors (10240K)
 Metaspace       used 104637K, committed 105408K, reserved 1146880K
  class space    used 13730K, committed 14080K, reserved 1048576K
}
Event: 27.533 GC heap before
{Heap before GC invocations=51 (full 0):
 garbage-first heap   total 230400K, used 193791K [0x0000000080000000, 0x0000000100000000)
  region size 1024K, 61 young (62464K), 10 survivors (10240K)
 Metaspace       used 106825K, committed 107584K, reserved 1146880K
  class space    used 14012K, committed 14400K, reserved 1048576K
}
Event: 27.540 GC heap after
{Heap after GC invocations=52 (full 0):
 garbage-first heap   total 230400K, used 137955K [0x0000000080000000, 0x0000000100000000)
  region size 1024K, 5 young (5120K), 5 survivors (5120K)
 Metaspace       used 106825K, committed 107584K, reserved 1146880K
  class space    used 14012K, committed 14400K, reserved 1048576K
}
Event: 74.947 GC heap before
{Heap before GC invocations=52 (full 0):
 garbage-first heap   total 230400K, used 199395K [0x0000000080000000, 0x0000000100000000)
  region size 1024K, 55 young (56320K), 5 survivors (5120K)
 Metaspace       used 111638K, committed 112384K, reserved 1146880K
  class space    used 14448K, committed 14784K, reserved 1048576K
}
Event: 74.952 GC heap after
{Heap after GC invocations=53 (full 0):
 garbage-first heap   total 230400K, used 123768K [0x0000000080000000, 0x0000000100000000)
  region size 1024K, 4 young (4096K), 4 survivors (4096K)
 Metaspace       used 111638K, committed 112384K, reserved 1146880K
  class space    used 14448K, committed 14784K, reserved 1048576K
}
Event: 75.808 GC heap before
{Heap before GC invocations=53 (full 0):
 garbage-first heap   total 230400K, used 184184K [0x0000000080000000, 0x0000000100000000)
  region size 1024K, 62 young (63488K), 4 survivors (4096K)
 Metaspace       used 112195K, committed 112960K, reserved 1155072K
  class space    used 14504K, committed 14848K, reserved 1048576K
}
Event: 75.820 GC heap after
{Heap after GC invocations=54 (full 0):
 garbage-first heap   total 230400K, used 143190K [0x0000000080000000, 0x0000000100000000)
  region size 1024K, 8 young (8192K), 8 survivors (8192K)
 Metaspace       used 112195K, committed 112960K, reserved 1155072K
  class space    used 14504K, committed 14848K, reserved 1048576K
}
Event: 76.485 GC heap before
{Heap before GC invocations=54 (full 0):
 garbage-first heap   total 230400K, used 188246K [0x0000000080000000, 0x0000000100000000)
  region size 1024K, 45 young (46080K), 8 survivors (8192K)
 Metaspace       used 112255K, committed 112960K, reserved 1155072K
  class space    used 14505K, committed 14848K, reserved 1048576K
}
Event: 76.497 GC heap after
{Heap after GC invocations=55 (full 0):
 garbage-first heap   total 230400K, used 154624K [0x0000000080000000, 0x0000000100000000)
  region size 1024K, 6 young (6144K), 6 survivors (6144K)
 Metaspace       used 112255K, committed 112960K, reserved 1155072K
  class space    used 14505K, committed 14848K, reserved 1048576K
}
Event: 76.677 GC heap before
{Heap before GC invocations=55 (full 0):
 garbage-first heap   total 230400K, used 200704K [0x0000000080000000, 0x0000000100000000)
  region size 1024K, 35 young (35840K), 6 survivors (6144K)
 Metaspace       used 112510K, committed 113280K, reserved 1155072K
  class space    used 14521K, committed 14912K, reserved 1048576K
}
Event: 76.687 GC heap after
{Heap after GC invocations=56 (full 0):
 garbage-first heap   total 230400K, used 160768K [0x0000000080000000, 0x0000000100000000)
  region size 1024K, 5 young (5120K), 5 survivors (5120K)
 Metaspace       used 112510K, committed 113280K, reserved 1155072K
  class space    used 14521K, committed 14912K, reserved 1048576K
}
Event: 76.906 GC heap before
{Heap before GC invocations=56 (full 0):
 garbage-first heap   total 230400K, used 187392K [0x0000000080000000, 0x0000000100000000)
  region size 1024K, 32 young (32768K), 5 survivors (5120K)
 Metaspace       used 112565K, committed 113344K, reserved 1155072K
  class space    used 14522K, committed 14912K, reserved 1048576K
}
Event: 76.912 GC heap after
{Heap after GC invocations=57 (full 0):
 garbage-first heap   total 230400K, used 164864K [0x0000000080000000, 0x0000000100000000)
  region size 1024K, 4 young (4096K), 4 survivors (4096K)
 Metaspace       used 112565K, committed 113344K, reserved 1155072K
  class space    used 14522K, committed 14912K, reserved 1048576K
}
Event: 77.937 GC heap before
{Heap before GC invocations=57 (full 0):
 garbage-first heap   total 230400K, used 189440K [0x0000000080000000, 0x0000000100000000)
  region size 1024K, 29 young (29696K), 4 survivors (4096K)
 Metaspace       used 112675K, committed 113536K, reserved 1155072K
  class space    used 14523K, committed 14912K, reserved 1048576K
}
Event: 77.943 GC heap after
{Heap after GC invocations=58 (full 0):
 garbage-first heap   total 230400K, used 167881K [0x0000000080000000, 0x0000000100000000)
  region size 1024K, 4 young (4096K), 4 survivors (4096K)
 Metaspace       used 112675K, committed 113536K, reserved 1155072K
  class space    used 14523K, committed 14912K, reserved 1048576K
}
Event: 78.023 GC heap before
{Heap before GC invocations=58 (full 0):
 garbage-first heap   total 230400K, used 192457K [0x0000000080000000, 0x0000000100000000)
  region size 1024K, 28 young (28672K), 4 survivors (4096K)
 Metaspace       used 112707K, committed 113536K, reserved 1155072K
  class space    used 14523K, committed 14912K, reserved 1048576K
}
Event: 78.027 GC heap after
{Heap after GC invocations=59 (full 0):
 garbage-first heap   total 230400K, used 170640K [0x0000000080000000, 0x0000000100000000)
  region size 1024K, 4 young (4096K), 4 survivors (4096K)
 Metaspace       used 112707K, committed 113536K, reserved 1155072K
  class space    used 14523K, committed 14912K, reserved 1048576K
}
Event: 78.291 GC heap before
{Heap before GC invocations=59 (full 0):
 garbage-first heap   total 230400K, used 198288K [0x0000000080000000, 0x0000000100000000)
  region size 1024K, 21 young (21504K), 4 survivors (4096K)
 Metaspace       used 112793K, committed 113600K, reserved 1155072K
  class space    used 14529K, committed 14912K, reserved 1048576K
}
Event: 78.294 GC heap after
{Heap after GC invocations=60 (full 0):
 garbage-first heap   total 230400K, used 183238K [0x0000000080000000, 0x0000000100000000)
  region size 1024K, 2 young (2048K), 2 survivors (2048K)
 Metaspace       used 112793K, committed 113600K, reserved 1155072K
  class space    used 14529K, committed 14912K, reserved 1048576K
}

