# JRE version: OpenJDK Runtime Environment (17.0.6) (build 17.0.6+0-b2043.56-10027231)
# Java VM: OpenJDK 64-Bit Server VM (17.0.6+0-b2043.56-10027231, mixed mode, tiered, compressed oops, compressed class ptrs, g1 gc, windows-amd64)
GC Precious Log:
 CPUs: 8 total, 8 available
 Memory: 16228M
 Large Page Support: Disabled
 NUMA Support: Disabled
 Compressed Oops: Enabled (32-bit)
 Heap Region Size: 1M
 Heap Min Capacity: 8M
 Heap Initial Capacity: 254M
 Heap Max Capacity: 2G
 Pre-touch: Disabled
 Parallel Workers: 8
 Concurrent Workers: 2
 Concurrent Refinement Workers: 8
 Periodic GC: Disabled
Heap:
 garbage-first heap   total 388096K, used 131835K [0x0000000080000000, 0x0000000100000000)
  region size 1024K, 17 young (17408K), 3 survivors (3072K)
 Metaspace       used 130291K, committed 131264K, reserved 1163264K
  class space    used 17565K, committed 18048K, reserved 1048576K
GC Heap History (20 events):
Event: 23.991 GC heap before
{Heap before GC invocations=24 (full 0):
 garbage-first heap   total 149504K, used 118419K [0x0000000080000000, 0x0000000100000000)
  region size 1024K, 45 young (46080K), 6 survivors (6144K)
 Metaspace       used 93567K, committed 94272K, reserved 1130496K
  class space    used 12713K, committed 13056K, reserved 1048576K
}
Event: 23.997 GC heap after
{Heap after GC invocations=25 (full 0):
 garbage-first heap   total 149504K, used 82782K [0x0000000080000000, 0x0000000100000000)
  region size 1024K, 4 young (4096K), 4 survivors (4096K)
 Metaspace       used 93567K, committed 94272K, reserved 1130496K
  class space    used 12713K, committed 13056K, reserved 1048576K
}
Event: 24.359 GC heap before
{Heap before GC invocations=26 (full 0):
 garbage-first heap   total 152576K, used 119646K [0x0000000080000000, 0x0000000100000000)
  region size 1024K, 41 young (41984K), 4 survivors (4096K)
 Metaspace       used 93934K, committed 94656K, reserved 1130496K
  class space    used 12730K, committed 13056K, reserved 1048576K
}
Event: 24.363 GC heap after
{Heap after GC invocations=27 (full 0):
 garbage-first heap   total 152576K, used 85322K [0x0000000080000000, 0x0000000100000000)
  region size 1024K, 6 young (6144K), 6 survivors (6144K)
 Metaspace       used 93934K, committed 94656K, reserved 1130496K
  class space    used 12730K, committed 13056K, reserved 1048576K
}
Event: 24.379 GC heap before
{Heap before GC invocations=27 (full 0):
 garbage-first heap   total 152576K, used 86346K [0x0000000080000000, 0x0000000100000000)
  region size 1024K, 7 young (7168K), 6 survivors (6144K)
 Metaspace       used 93996K, committed 94720K, reserved 1130496K
  class space    used 12736K, committed 13056K, reserved 1048576K
}
Event: 24.382 GC heap after
{Heap after GC invocations=28 (full 0):
 garbage-first heap   total 183296K, used 85449K [0x0000000080000000, 0x0000000100000000)
  region size 1024K, 1 young (1024K), 1 survivors (1024K)
 Metaspace       used 93996K, committed 94720K, reserved 1130496K
  class space    used 12736K, committed 13056K, reserved 1048576K
}
Event: 25.142 GC heap before
{Heap before GC invocations=28 (full 0):
 garbage-first heap   total 183296K, used 145865K [0x0000000080000000, 0x0000000100000000)
  region size 1024K, 59 young (60416K), 1 survivors (1024K)
 Metaspace       used 101497K, committed 102208K, reserved 1138688K
  class space    used 13706K, committed 14016K, reserved 1048576K
}
Event: 25.148 GC heap after
{Heap after GC invocations=29 (full 0):
 garbage-first heap   total 183296K, used 94631K [0x0000000080000000, 0x0000000100000000)
  region size 1024K, 8 young (8192K), 8 survivors (8192K)
 Metaspace       used 101497K, committed 102208K, reserved 1138688K
  class space    used 13706K, committed 14016K, reserved 1048576K
}
Event: 25.832 GC heap before
{Heap before GC invocations=30 (full 0):
 garbage-first heap   total 183296K, used 144807K [0x0000000080000000, 0x0000000100000000)
  region size 1024K, 58 young (59392K), 8 survivors (8192K)
 Metaspace       used 103910K, committed 104640K, reserved 1146880K
  class space    used 13959K, committed 14272K, reserved 1048576K
}
Event: 25.840 GC heap after
{Heap after GC invocations=31 (full 0):
 garbage-first heap   total 183296K, used 101254K [0x0000000080000000, 0x0000000100000000)
  region size 1024K, 7 young (7168K), 7 survivors (7168K)
 Metaspace       used 103910K, committed 104640K, reserved 1146880K
  class space    used 13959K, committed 14272K, reserved 1048576K
}
Event: 25.847 GC heap before
{Heap before GC invocations=31 (full 0):
 garbage-first heap   total 183296K, used 102278K [0x0000000080000000, 0x0000000100000000)
  region size 1024K, 8 young (8192K), 7 survivors (7168K)
 Metaspace       used 103913K, committed 104640K, reserved 1146880K
  class space    used 13959K, committed 14272K, reserved 1048576K
}
Event: 25.852 GC heap after
{Heap after GC invocations=32 (full 0):
 garbage-first heap   total 183296K, used 101724K [0x0000000080000000, 0x0000000100000000)
  region size 1024K, 1 young (1024K), 1 survivors (1024K)
 Metaspace       used 103913K, committed 104640K, reserved 1146880K
  class space    used 13959K, committed 14272K, reserved 1048576K
}
Event: 26.271 GC heap before
{Heap before GC invocations=32 (full 0):
 garbage-first heap   total 183296K, used 146780K [0x0000000080000000, 0x0000000100000000)
  region size 1024K, 46 young (47104K), 1 survivors (1024K)
 Metaspace       used 104844K, committed 105600K, reserved 1146880K
  class space    used 14075K, committed 14464K, reserved 1048576K
}
Event: 26.278 GC heap after
{Heap after GC invocations=33 (full 0):
 garbage-first heap   total 183296K, used 106071K [0x0000000080000000, 0x0000000100000000)
  region size 1024K, 6 young (6144K), 6 survivors (6144K)
 Metaspace       used 104844K, committed 105600K, reserved 1146880K
  class space    used 14075K, committed 14464K, reserved 1048576K
}
Event: 26.751 GC heap before
{Heap before GC invocations=33 (full 0):
 garbage-first heap   total 183296K, used 147031K [0x0000000080000000, 0x0000000100000000)
  region size 1024K, 47 young (48128K), 6 survivors (6144K)
 Metaspace       used 107803K, committed 108544K, reserved 1146880K
  class space    used 14500K, committed 14848K, reserved 1048576K
}
Event: 26.758 GC heap after
{Heap after GC invocations=34 (full 0):
 garbage-first heap   total 388096K, used 108783K [0x0000000080000000, 0x0000000100000000)
  region size 1024K, 3 young (3072K), 3 survivors (3072K)
 Metaspace       used 107803K, committed 108544K, reserved 1146880K
  class space    used 14500K, committed 14848K, reserved 1048576K
}
Event: 139.517 GC heap before
{Heap before GC invocations=34 (full 0):
 garbage-first heap   total 388096K, used 328943K [0x0000000080000000, 0x0000000100000000)
  region size 1024K, 184 young (188416K), 3 survivors (3072K)
 Metaspace       used 128590K, committed 129408K, reserved 1163264K
  class space    used 17448K, committed 17856K, reserved 1048576K
}
Event: 139.531 GC heap after
{Heap after GC invocations=35 (full 0):
 garbage-first heap   total 388096K, used 120340K [0x0000000080000000, 0x0000000100000000)
  region size 1024K, 14 young (14336K), 14 survivors (14336K)
 Metaspace       used 128590K, committed 129408K, reserved 1163264K
  class space    used 17448K, committed 17856K, reserved 1048576K
}
Event: 300.327 GC heap before
{Heap before GC invocations=35 (full 0):
 garbage-first heap   total 388096K, used 338452K [0x0000000080000000, 0x0000000100000000)
  region size 1024K, 191 young (195584K), 14 survivors (14336K)
 Metaspace       used 130221K, committed 131200K, reserved 1163264K
  class space    used 17559K, committed 18048K, reserved 1048576K
}
Event: 300.333 GC heap after
{Heap after GC invocations=36 (full 0):
 garbage-first heap   total 388096K, used 118523K [0x0000000080000000, 0x0000000100000000)
  region size 1024K, 3 young (3072K), 3 survivors (3072K)
 Metaspace       used 130221K, committed 131200K, reserved 1163264K
  class space    used 17559K, committed 18048K, reserved 1048576K
}

