# JRE version: OpenJDK Runtime Environment (17.0.6) (build 17.0.6+0-b2043.56-10027231)
# Java VM: OpenJDK 64-Bit Server VM (17.0.6+0-b2043.56-10027231, mixed mode, tiered, compressed oops, compressed class ptrs, g1 gc, windows-amd64)
GC Precious Log:
 CPUs: 8 total, 8 available
 Memory: 16228M
 Large Page Support: Disabled
 NUMA Support: Disabled
 Compressed Oops: Enabled (32-bit)
 Heap Region Size: 1M
 Heap Min Capacity: 8M
 Heap Initial Capacity: 254M
 Heap Max Capacity: 2G
 Pre-touch: Disabled
 Parallel Workers: 8
 Concurrent Workers: 2
 Concurrent Refinement Workers: 8
 Periodic GC: Disabled
Heap:
 garbage-first heap   total 557056K, used 383068K [0x0000000080000000, 0x0000000100000000)
  region size 1024K, 219 young (224256K), 2 survivors (2048K)
 Metaspace       used 132799K, committed 134144K, reserved 1171456K
  class space    used 17334K, committed 17920K, reserved 1048576K
GC Heap History (20 events):
Event: 402.331 GC heap before
{Heap before GC invocations=66 (full 0):
 garbage-first heap   total 254976K, used 203873K [0x0000000080000000, 0x0000000100000000)
  region size 1024K, 83 young (84992K), 2 survivors (2048K)
 Metaspace       used 128979K, committed 129856K, reserved 1163264K
  class space    used 17052K, committed 17472K, reserved 1048576K
}
Event: 402.341 GC heap after
{Heap after GC invocations=67 (full 0):
 garbage-first heap   total 254976K, used 130350K [0x0000000080000000, 0x0000000100000000)
  region size 1024K, 10 young (10240K), 10 survivors (10240K)
 Metaspace       used 128979K, committed 129856K, reserved 1163264K
  class space    used 17052K, committed 17472K, reserved 1048576K
}
Event: 551.312 GC heap before
{Heap before GC invocations=68 (full 0):
 garbage-first heap   total 280576K, used 235822K [0x0000000080000000, 0x0000000100000000)
  region size 1024K, 81 young (82944K), 10 survivors (10240K)
 Metaspace       used 129479K, committed 130432K, reserved 1163264K
  class space    used 17094K, committed 17536K, reserved 1048576K
}
Event: 551.324 GC heap after
{Heap after GC invocations=69 (full 0):
 garbage-first heap   total 280576K, used 135212K [0x0000000080000000, 0x0000000100000000)
  region size 1024K, 9 young (9216K), 9 survivors (9216K)
 Metaspace       used 129479K, committed 130432K, reserved 1163264K
  class space    used 17094K, committed 17536K, reserved 1048576K
}
Event: 551.404 GC heap before
{Heap before GC invocations=69 (full 0):
 garbage-first heap   total 280576K, used 139308K [0x0000000080000000, 0x0000000100000000)
  region size 1024K, 13 young (13312K), 9 survivors (9216K)
 Metaspace       used 129498K, committed 130432K, reserved 1163264K
  class space    used 17094K, committed 17536K, reserved 1048576K
}
Event: 551.412 GC heap after
{Heap after GC invocations=70 (full 0):
 garbage-first heap   total 280576K, used 129153K [0x0000000080000000, 0x0000000100000000)
  region size 1024K, 2 young (2048K), 2 survivors (2048K)
 Metaspace       used 129498K, committed 130432K, reserved 1163264K
  class space    used 17094K, committed 17536K, reserved 1048576K
}
Event: 551.432 GC heap before
{Heap before GC invocations=70 (full 0):
 garbage-first heap   total 280576K, used 129153K [0x0000000080000000, 0x0000000100000000)
  region size 1024K, 3 young (3072K), 2 survivors (2048K)
 Metaspace       used 129515K, committed 130432K, reserved 1163264K
  class space    used 17094K, committed 17536K, reserved 1048576K
}
Event: 551.435 GC heap after
{Heap after GC invocations=71 (full 0):
 garbage-first heap   total 280576K, used 129163K [0x0000000080000000, 0x0000000100000000)
  region size 1024K, 2 young (2048K), 2 survivors (2048K)
 Metaspace       used 129515K, committed 130432K, reserved 1163264K
  class space    used 17094K, committed 17536K, reserved 1048576K
}
Event: 627.986 GC heap before
{Heap before GC invocations=72 (full 0):
 garbage-first heap   total 280576K, used 262283K [0x0000000080000000, 0x0000000100000000)
  region size 1024K, 97 young (99328K), 2 survivors (2048K)
 Metaspace       used 129888K, committed 130752K, reserved 1163264K
  class space    used 17100K, committed 17536K, reserved 1048576K
}
Event: 627.993 GC heap after
{Heap after GC invocations=73 (full 0):
 garbage-first heap   total 280576K, used 136030K [0x0000000080000000, 0x0000000100000000)
  region size 1024K, 8 young (8192K), 8 survivors (8192K)
 Metaspace       used 129888K, committed 130752K, reserved 1163264K
  class space    used 17100K, committed 17536K, reserved 1048576K
}
Event: 628.020 GC heap before
{Heap before GC invocations=73 (full 0):
 garbage-first heap   total 280576K, used 140126K [0x0000000080000000, 0x0000000100000000)
  region size 1024K, 13 young (13312K), 8 survivors (8192K)
 Metaspace       used 129896K, committed 130752K, reserved 1163264K
  class space    used 17100K, committed 17536K, reserved 1048576K
}
Event: 628.027 GC heap after
{Heap after GC invocations=74 (full 0):
 garbage-first heap   total 280576K, used 121414K [0x0000000080000000, 0x0000000100000000)
  region size 1024K, 2 young (2048K), 2 survivors (2048K)
 Metaspace       used 129896K, committed 130752K, reserved 1163264K
  class space    used 17100K, committed 17536K, reserved 1048576K
}
Event: 628.549 GC heap before
{Heap before GC invocations=74 (full 0):
 garbage-first heap   total 280576K, used 174662K [0x0000000080000000, 0x0000000100000000)
  region size 1024K, 56 young (57344K), 2 survivors (2048K)
 Metaspace       used 130057K, committed 131008K, reserved 1163264K
  class space    used 17100K, committed 17536K, reserved 1048576K
}
Event: 628.560 GC heap after
{Heap after GC invocations=75 (full 0):
 garbage-first heap   total 611328K, used 128350K [0x0000000080000000, 0x0000000100000000)
  region size 1024K, 9 young (9216K), 9 survivors (9216K)
 Metaspace       used 130057K, committed 131008K, reserved 1163264K
  class space    used 17100K, committed 17536K, reserved 1048576K
}
Event: 629.296 GC heap before
{Heap before GC invocations=75 (full 0):
 garbage-first heap   total 611328K, used 205150K [0x0000000080000000, 0x0000000100000000)
  region size 1024K, 84 young (86016K), 9 survivors (9216K)
 Metaspace       used 130312K, committed 131200K, reserved 1163264K
  class space    used 17102K, committed 17536K, reserved 1048576K
}
Event: 629.302 GC heap after
{Heap after GC invocations=76 (full 0):
 garbage-first heap   total 611328K, used 129996K [0x0000000080000000, 0x0000000100000000)
  region size 1024K, 9 young (9216K), 9 survivors (9216K)
 Metaspace       used 130312K, committed 131200K, reserved 1163264K
  class space    used 17102K, committed 17536K, reserved 1048576K
}
Event: 718.122 GC heap before
{Heap before GC invocations=77 (full 0):
 garbage-first heap   total 557056K, used 524236K [0x0000000080000000, 0x0000000100000000)
  region size 1024K, 325 young (332800K), 9 survivors (9216K)
 Metaspace       used 131296K, committed 132224K, reserved 1171456K
  class space    used 17119K, committed 17536K, reserved 1048576K
}
Event: 718.135 GC heap after
{Heap after GC invocations=78 (full 0):
 garbage-first heap   total 557056K, used 136731K [0x0000000080000000, 0x0000000100000000)
  region size 1024K, 16 young (16384K), 16 survivors (16384K)
 Metaspace       used 131296K, committed 132224K, reserved 1171456K
  class space    used 17119K, committed 17536K, reserved 1048576K
}
Event: 718.416 GC heap before
{Heap before GC invocations=78 (full 0):
 garbage-first heap   total 557056K, used 182811K [0x0000000080000000, 0x0000000100000000)
  region size 1024K, 27 young (27648K), 16 survivors (16384K)
 Metaspace       used 131354K, committed 132288K, reserved 1171456K
  class space    used 17119K, committed 17536K, reserved 1048576K
}
Event: 718.427 GC heap after
{Heap after GC invocations=79 (full 0):
 garbage-first heap   total 557056K, used 125020K [0x0000000080000000, 0x0000000100000000)
  region size 1024K, 2 young (2048K), 2 survivors (2048K)
 Metaspace       used 131354K, committed 132288K, reserved 1171456K
  class space    used 17119K, committed 17536K, reserved 1048576K
}

