# JRE version: OpenJDK Runtime Environment (17.0.6) (build 17.0.6+0-b2043.56-10027231)
# Java VM: OpenJDK 64-Bit Server VM (17.0.6+0-b2043.56-10027231, mixed mode, tiered, compressed oops, compressed class ptrs, g1 gc, windows-amd64)
GC Precious Log:
 CPUs: 8 total, 8 available
 Memory: 16228M
 Large Page Support: Disabled
 NUMA Support: Disabled
 Compressed Oops: Enabled (32-bit)
 Heap Region Size: 1M
 Heap Min Capacity: 8M
 Heap Initial Capacity: 254M
 Heap Max Capacity: 2G
 Pre-touch: Disabled
 Parallel Workers: 8
 Concurrent Workers: 2
 Concurrent Refinement Workers: 8
 Periodic GC: Disabled
Heap:
 garbage-first heap   total 270336K, used 136630K [0x0000000080000000, 0x0000000100000000)
  region size 1024K, 60 young (61440K), 3 survivors (3072K)
 Metaspace       used 93613K, committed 94208K, reserved 1130496K
  class space    used 12710K, committed 12992K, reserved 1048576K
GC Heap History (20 events):
Event: 5.703 GC heap before
{Heap before GC invocations=23 (full 0):
 garbage-first heap   total 112640K, used 83664K [0x0000000080000000, 0x0000000100000000)
  region size 1024K, 34 young (34816K), 4 survivors (4096K)
 Metaspace       used 73107K, committed 73664K, reserved 1114112K
  class space    used 9688K, committed 9984K, reserved 1048576K
}
Event: 5.707 GC heap after
{Heap after GC invocations=24 (full 0):
 garbage-first heap   total 112640K, used 55389K [0x0000000080000000, 0x0000000100000000)
  region size 1024K, 5 young (5120K), 5 survivors (5120K)
 Metaspace       used 73107K, committed 73664K, reserved 1114112K
  class space    used 9688K, committed 9984K, reserved 1048576K
}
Event: 5.979 GC heap before
{Heap before GC invocations=24 (full 0):
 garbage-first heap   total 112640K, used 82013K [0x0000000080000000, 0x0000000100000000)
  region size 1024K, 33 young (33792K), 5 survivors (5120K)
 Metaspace       used 75600K, committed 76224K, reserved 1122304K
  class space    used 10016K, committed 10304K, reserved 1048576K
}
Event: 5.983 GC heap after
{Heap after GC invocations=25 (full 0):
 garbage-first heap   total 112640K, used 56986K [0x0000000080000000, 0x0000000100000000)
  region size 1024K, 4 young (4096K), 4 survivors (4096K)
 Metaspace       used 75600K, committed 76224K, reserved 1122304K
  class space    used 10016K, committed 10304K, reserved 1048576K
}
Event: 6.350 GC heap before
{Heap before GC invocations=26 (full 0):
 garbage-first heap   total 112640K, used 88730K [0x0000000080000000, 0x0000000100000000)
  region size 1024K, 34 young (34816K), 4 survivors (4096K)
 Metaspace       used 79407K, committed 79936K, reserved 1122304K
  class space    used 10733K, committed 11008K, reserved 1048576K
}
Event: 6.353 GC heap after
{Heap after GC invocations=27 (full 0):
 garbage-first heap   total 112640K, used 58308K [0x0000000080000000, 0x0000000100000000)
  region size 1024K, 3 young (3072K), 3 survivors (3072K)
 Metaspace       used 79407K, committed 79936K, reserved 1122304K
  class space    used 10733K, committed 11008K, reserved 1048576K
}
Event: 6.683 GC heap before
{Heap before GC invocations=27 (full 0):
 garbage-first heap   total 112640K, used 89028K [0x0000000080000000, 0x0000000100000000)
  region size 1024K, 33 young (33792K), 3 survivors (3072K)
 Metaspace       used 82560K, committed 83200K, reserved 1122304K
  class space    used 11187K, committed 11456K, reserved 1048576K
}
Event: 6.687 GC heap after
{Heap after GC invocations=28 (full 0):
 garbage-first heap   total 135168K, used 60925K [0x0000000080000000, 0x0000000100000000)
  region size 1024K, 5 young (5120K), 5 survivors (5120K)
 Metaspace       used 82560K, committed 83200K, reserved 1122304K
  class space    used 11187K, committed 11456K, reserved 1048576K
}
Event: 7.201 GC heap before
{Heap before GC invocations=29 (full 0):
 garbage-first heap   total 135168K, used 104957K [0x0000000080000000, 0x0000000100000000)
  region size 1024K, 48 young (49152K), 5 survivors (5120K)
 Metaspace       used 87966K, committed 88576K, reserved 1130496K
  class space    used 11982K, committed 12288K, reserved 1048576K
}
Event: 7.207 GC heap after
{Heap after GC invocations=30 (full 0):
 garbage-first heap   total 135168K, used 64407K [0x0000000080000000, 0x0000000100000000)
  region size 1024K, 6 young (6144K), 6 survivors (6144K)
 Metaspace       used 87966K, committed 88576K, reserved 1130496K
  class space    used 11982K, committed 12288K, reserved 1048576K
}
Event: 7.490 GC heap before
{Heap before GC invocations=30 (full 0):
 garbage-first heap   total 135168K, used 106391K [0x0000000080000000, 0x0000000100000000)
  region size 1024K, 47 young (48128K), 6 survivors (6144K)
 Metaspace       used 89268K, committed 89920K, reserved 1130496K
  class space    used 12148K, committed 12480K, reserved 1048576K
}
Event: 7.497 GC heap after
{Heap after GC invocations=31 (full 0):
 garbage-first heap   total 135168K, used 70078K [0x0000000080000000, 0x0000000100000000)
  region size 1024K, 6 young (6144K), 6 survivors (6144K)
 Metaspace       used 89268K, committed 89920K, reserved 1130496K
  class space    used 12148K, committed 12480K, reserved 1048576K
}
Event: 7.665 GC heap before
{Heap before GC invocations=31 (full 0):
 garbage-first heap   total 135168K, used 94654K [0x0000000080000000, 0x0000000100000000)
  region size 1024K, 32 young (32768K), 6 survivors (6144K)
 Metaspace       used 90259K, committed 90944K, reserved 1130496K
  class space    used 12233K, committed 12544K, reserved 1048576K
}
Event: 7.672 GC heap after
{Heap after GC invocations=32 (full 0):
 garbage-first heap   total 135168K, used 76156K [0x0000000080000000, 0x0000000100000000)
  region size 1024K, 6 young (6144K), 6 survivors (6144K)
 Metaspace       used 90259K, committed 90944K, reserved 1130496K
  class space    used 12233K, committed 12544K, reserved 1048576K
}
Event: 7.974 GC heap before
{Heap before GC invocations=33 (full 0):
 garbage-first heap   total 135168K, used 106876K [0x0000000080000000, 0x0000000100000000)
  region size 1024K, 36 young (36864K), 6 survivors (6144K)
 Metaspace       used 92883K, committed 93504K, reserved 1130496K
  class space    used 12649K, committed 12928K, reserved 1048576K
}
Event: 7.979 GC heap after
{Heap after GC invocations=34 (full 0):
 garbage-first heap   total 135168K, used 78975K [0x0000000080000000, 0x0000000100000000)
  region size 1024K, 4 young (4096K), 4 survivors (4096K)
 Metaspace       used 92883K, committed 93504K, reserved 1130496K
  class space    used 12649K, committed 12928K, reserved 1048576K
}
Event: 7.986 GC heap before
{Heap before GC invocations=34 (full 0):
 garbage-first heap   total 135168K, used 79999K [0x0000000080000000, 0x0000000100000000)
  region size 1024K, 6 young (6144K), 4 survivors (4096K)
 Metaspace       used 92884K, committed 93504K, reserved 1130496K
  class space    used 12649K, committed 12928K, reserved 1048576K
}
Event: 7.991 GC heap after
{Heap after GC invocations=35 (full 0):
 garbage-first heap   total 135168K, used 78784K [0x0000000080000000, 0x0000000100000000)
  region size 1024K, 1 young (1024K), 1 survivors (1024K)
 Metaspace       used 92884K, committed 93504K, reserved 1130496K
  class space    used 12649K, committed 12928K, reserved 1048576K
}
Event: 8.121 GC heap before
{Heap before GC invocations=35 (full 0):
 garbage-first heap   total 135168K, used 107456K [0x0000000080000000, 0x0000000100000000)
  region size 1024K, 30 young (30720K), 1 survivors (1024K)
 Metaspace       used 93069K, committed 93760K, reserved 1130496K
  class space    used 12662K, committed 12992K, reserved 1048576K
}
Event: 8.125 GC heap after
{Heap after GC invocations=36 (full 0):
 garbage-first heap   total 270336K, used 80310K [0x0000000080000000, 0x0000000100000000)
  region size 1024K, 3 young (3072K), 3 survivors (3072K)
 Metaspace       used 93069K, committed 93760K, reserved 1130496K
  class space    used 12662K, committed 12992K, reserved 1048576K
}

