# JRE version: OpenJDK Runtime Environment (17.0.6) (build 17.0.6+0-b2043.56-10027231)
# Java VM: OpenJDK 64-Bit Server VM (17.0.6+0-b2043.56-10027231, mixed mode, tiered, compressed oops, compressed class ptrs, g1 gc, windows-amd64)
GC Precious Log:
 CPUs: 8 total, 8 available
 Memory: 16228M
 Large Page Support: Disabled
 NUMA Support: Disabled
 Compressed Oops: Enabled (32-bit)
 Heap Region Size: 1M
 Heap Min Capacity: 8M
 Heap Initial Capacity: 254M
 Heap Max Capacity: 2G
 Pre-touch: Disabled
 Parallel Workers: 8
 Concurrent Workers: 2
 Concurrent Refinement Workers: 8
 Periodic GC: Disabled
Heap:
 garbage-first heap   total 266240K, used 173497K [0x0000000080000000, 0x0000000100000000)
  region size 1024K, 57 young (58368K), 5 survivors (5120K)
 Metaspace       used 104916K, committed 105600K, reserved 1146880K
  class space    used 13859K, committed 14208K, reserved 1048576K
GC Heap History (20 events):
Event: 8.100 GC heap before
{Heap before GC invocations=35 (full 0):
 garbage-first heap   total 128000K, used 102576K [0x0000000080000000, 0x0000000100000000)
  region size 1024K, 40 young (40960K), 6 survivors (6144K)
 Metaspace       used 90250K, committed 90880K, reserved 1130496K
  class space    used 12243K, committed 12544K, reserved 1048576K
}
Event: 8.108 GC heap after
{Heap after GC invocations=36 (full 0):
 garbage-first heap   total 128000K, used 74725K [0x0000000080000000, 0x0000000100000000)
  region size 1024K, 5 young (5120K), 5 survivors (5120K)
 Metaspace       used 90250K, committed 90880K, reserved 1130496K
  class space    used 12243K, committed 12544K, reserved 1048576K
}
Event: 8.124 GC heap before
{Heap before GC invocations=36 (full 0):
 garbage-first heap   total 128000K, used 74725K [0x0000000080000000, 0x0000000100000000)
  region size 1024K, 6 young (6144K), 5 survivors (5120K)
 Metaspace       used 90402K, committed 91008K, reserved 1130496K
  class space    used 12262K, committed 12544K, reserved 1048576K
}
Event: 8.130 GC heap after
{Heap after GC invocations=37 (full 0):
 garbage-first heap   total 128000K, used 75369K [0x0000000080000000, 0x0000000100000000)
  region size 1024K, 1 young (1024K), 1 survivors (1024K)
 Metaspace       used 90402K, committed 91008K, reserved 1130496K
  class space    used 12262K, committed 12544K, reserved 1048576K
}
Event: 8.130 GC heap before
{Heap before GC invocations=37 (full 0):
 garbage-first heap   total 128000K, used 75369K [0x0000000080000000, 0x0000000100000000)
  region size 1024K, 3 young (3072K), 1 survivors (1024K)
 Metaspace       used 90402K, committed 91008K, reserved 1130496K
  class space    used 12262K, committed 12544K, reserved 1048576K
}
Event: 8.131 GC heap after
{Heap after GC invocations=38 (full 0):
 garbage-first heap   total 128000K, used 75098K [0x0000000080000000, 0x0000000100000000)
  region size 1024K, 1 young (1024K), 1 survivors (1024K)
 Metaspace       used 90402K, committed 91008K, reserved 1130496K
  class space    used 12262K, committed 12544K, reserved 1048576K
}
Event: 8.456 GC heap before
{Heap before GC invocations=39 (full 0):
 garbage-first heap   total 133120K, used 104794K [0x0000000080000000, 0x0000000100000000)
  region size 1024K, 29 young (29696K), 1 survivors (1024K)
 Metaspace       used 93055K, committed 93696K, reserved 1130496K
  class space    used 12677K, committed 12992K, reserved 1048576K
}
Event: 8.462 GC heap after
{Heap after GC invocations=40 (full 0):
 garbage-first heap   total 133120K, used 77347K [0x0000000080000000, 0x0000000100000000)
  region size 1024K, 3 young (3072K), 3 survivors (3072K)
 Metaspace       used 93055K, committed 93696K, reserved 1130496K
  class space    used 12677K, committed 12992K, reserved 1048576K
}
Event: 8.475 GC heap before
{Heap before GC invocations=40 (full 0):
 garbage-first heap   total 133120K, used 79395K [0x0000000080000000, 0x0000000100000000)
  region size 1024K, 6 young (6144K), 3 survivors (3072K)
 Metaspace       used 93073K, committed 93760K, reserved 1130496K
  class space    used 12677K, committed 12992K, reserved 1048576K
}
Event: 8.479 GC heap after
{Heap after GC invocations=41 (full 0):
 garbage-first heap   total 266240K, used 77318K [0x0000000080000000, 0x0000000100000000)
  region size 1024K, 1 young (1024K), 1 survivors (1024K)
 Metaspace       used 93073K, committed 93760K, reserved 1130496K
  class space    used 12677K, committed 12992K, reserved 1048576K
}
Event: 10.309 GC heap before
{Heap before GC invocations=41 (full 0):
 garbage-first heap   total 266240K, used 225798K [0x0000000080000000, 0x0000000100000000)
  region size 1024K, 130 young (133120K), 1 survivors (1024K)
 Metaspace       used 96961K, committed 97600K, reserved 1138688K
  class space    used 13111K, committed 13440K, reserved 1048576K
}
Event: 10.323 GC heap after
{Heap after GC invocations=42 (full 0):
 garbage-first heap   total 266240K, used 107006K [0x0000000080000000, 0x0000000100000000)
  region size 1024K, 17 young (17408K), 17 survivors (17408K)
 Metaspace       used 96961K, committed 97600K, reserved 1138688K
  class space    used 13111K, committed 13440K, reserved 1048576K
}
Event: 11.044 GC heap before
{Heap before GC invocations=42 (full 0):
 garbage-first heap   total 266240K, used 194046K [0x0000000080000000, 0x0000000100000000)
  region size 1024K, 86 young (88064K), 17 survivors (17408K)
 Metaspace       used 97798K, committed 98560K, reserved 1138688K
  class space    used 13180K, committed 13568K, reserved 1048576K
}
Event: 11.056 GC heap after
{Heap after GC invocations=43 (full 0):
 garbage-first heap   total 266240K, used 116544K [0x0000000080000000, 0x0000000100000000)
  region size 1024K, 9 young (9216K), 9 survivors (9216K)
 Metaspace       used 97798K, committed 98560K, reserved 1138688K
  class space    used 13180K, committed 13568K, reserved 1048576K
}
Event: 11.446 GC heap before
{Heap before GC invocations=43 (full 0):
 garbage-first heap   total 266240K, used 185152K [0x0000000080000000, 0x0000000100000000)
  region size 1024K, 77 young (78848K), 9 survivors (9216K)
 Metaspace       used 101582K, committed 102272K, reserved 1138688K
  class space    used 13555K, committed 13888K, reserved 1048576K
}
Event: 11.456 GC heap after
{Heap after GC invocations=44 (full 0):
 garbage-first heap   total 266240K, used 120792K [0x0000000080000000, 0x0000000100000000)
  region size 1024K, 5 young (5120K), 5 survivors (5120K)
 Metaspace       used 101582K, committed 102272K, reserved 1138688K
  class space    used 13555K, committed 13888K, reserved 1048576K
}
Event: 11.791 GC heap before
{Heap before GC invocations=44 (full 0):
 garbage-first heap   total 266240K, used 200664K [0x0000000080000000, 0x0000000100000000)
  region size 1024K, 78 young (79872K), 5 survivors (5120K)
 Metaspace       used 102801K, committed 103488K, reserved 1138688K
  class space    used 13675K, committed 14016K, reserved 1048576K
}
Event: 11.798 GC heap after
{Heap after GC invocations=45 (full 0):
 garbage-first heap   total 266240K, used 123483K [0x0000000080000000, 0x0000000100000000)
  region size 1024K, 8 young (8192K), 8 survivors (8192K)
 Metaspace       used 102801K, committed 103488K, reserved 1138688K
  class space    used 13675K, committed 14016K, reserved 1048576K
}
Event: 12.220 GC heap before
{Heap before GC invocations=45 (full 0):
 garbage-first heap   total 266240K, used 202331K [0x0000000080000000, 0x0000000100000000)
  region size 1024K, 86 young (88064K), 8 survivors (8192K)
 Metaspace       used 103643K, committed 104256K, reserved 1146880K
  class space    used 13719K, committed 14016K, reserved 1048576K
}
Event: 12.224 GC heap after
{Heap after GC invocations=46 (full 0):
 garbage-first heap   total 266240K, used 122297K [0x0000000080000000, 0x0000000100000000)
  region size 1024K, 5 young (5120K), 5 survivors (5120K)
 Metaspace       used 103643K, committed 104256K, reserved 1146880K
  class space    used 13719K, committed 14016K, reserved 1048576K
}

