# JRE version: OpenJDK Runtime Environment (17.0.6) (build 17.0.6+0-b2043.56-10027231)
# Java VM: OpenJDK 64-Bit Server VM (17.0.6+0-b2043.56-10027231, mixed mode, tiered, compressed oops, compressed class ptrs, g1 gc, windows-amd64)
GC Precious Log:
 CPUs: 8 total, 8 available
 Memory: 16228M
 Large Page Support: Disabled
 NUMA Support: Disabled
 Compressed Oops: Enabled (32-bit)
 Heap Region Size: 1M
 Heap Min Capacity: 8M
 Heap Initial Capacity: 254M
 Heap Max Capacity: 2G
 Pre-touch: Disabled
 Parallel Workers: 8
 Concurrent Workers: 2
 Concurrent Refinement Workers: 8
 Periodic GC: Disabled
Heap:
 garbage-first heap   total 283648K, used 129423K [0x0000000080000000, 0x0000000100000000)
  region size 1024K, 2 young (2048K), 2 survivors (2048K)
 Metaspace       used 136924K, committed 137728K, reserved 1171456K
  class space    used 18239K, committed 18624K, reserved 1048576K
GC Heap History (20 events):
Event: 1965.580 GC heap after
{Heap after GC invocations=52 (full 0):
 garbage-first heap   total 265216K, used 120230K [0x0000000080000000, 0x0000000100000000)
  region size 1024K, 1 young (1024K), 1 survivors (1024K)
 Metaspace       used 134976K, committed 135744K, reserved 1171456K
  class space    used 18170K, committed 18560K, reserved 1048576K
}
Event: 1965.624 GC heap before
{Heap before GC invocations=52 (full 0):
 garbage-first heap   total 265216K, used 123302K [0x0000000080000000, 0x0000000100000000)
  region size 1024K, 5 young (5120K), 1 survivors (1024K)
 Metaspace       used 134981K, committed 135744K, reserved 1171456K
  class space    used 18170K, committed 18560K, reserved 1048576K
}
Event: 1965.625 GC heap after
{Heap after GC invocations=53 (full 0):
 garbage-first heap   total 265216K, used 119895K [0x0000000080000000, 0x0000000100000000)
  region size 1024K, 1 young (1024K), 1 survivors (1024K)
 Metaspace       used 134981K, committed 135744K, reserved 1171456K
  class space    used 18170K, committed 18560K, reserved 1048576K
}
Event: 2015.251 GC heap before
{Heap before GC invocations=54 (full 0):
 garbage-first heap   total 265216K, used 252592K [0x0000000080000000, 0x0000000100000000)
  region size 1024K, 96 young (98304K), 1 survivors (1024K)
 Metaspace       used 135394K, committed 136192K, reserved 1171456K
  class space    used 18195K, committed 18560K, reserved 1048576K
}
Event: 2015.262 GC heap after
{Heap after GC invocations=55 (full 0):
 garbage-first heap   total 268288K, used 133729K [0x0000000080000000, 0x0000000100000000)
  region size 1024K, 13 young (13312K), 13 survivors (13312K)
 Metaspace       used 135394K, committed 136192K, reserved 1171456K
  class space    used 18195K, committed 18560K, reserved 1048576K
}
Event: 2015.273 GC heap before
{Heap before GC invocations=55 (full 0):
 garbage-first heap   total 268288K, used 134753K [0x0000000080000000, 0x0000000100000000)
  region size 1024K, 14 young (14336K), 13 survivors (13312K)
 Metaspace       used 135395K, committed 136192K, reserved 1171456K
  class space    used 18195K, committed 18560K, reserved 1048576K
}
Event: 2015.301 GC heap after
{Heap after GC invocations=56 (full 0):
 garbage-first heap   total 268288K, used 118822K [0x0000000080000000, 0x0000000100000000)
  region size 1024K, 1 young (1024K), 1 survivors (1024K)
 Metaspace       used 135395K, committed 136192K, reserved 1171456K
  class space    used 18195K, committed 18560K, reserved 1048576K
}
Event: 2656.580 GC heap before
{Heap before GC invocations=56 (full 0):
 garbage-first heap   total 268288K, used 213030K [0x0000000080000000, 0x0000000100000000)
  region size 1024K, 93 young (95232K), 1 survivors (1024K)
 Metaspace       used 135744K, committed 136640K, reserved 1171456K
  class space    used 18215K, committed 18624K, reserved 1048576K
}
Event: 2656.588 GC heap after
{Heap after GC invocations=57 (full 0):
 garbage-first heap   total 268288K, used 126775K [0x0000000080000000, 0x0000000100000000)
  region size 1024K, 9 young (9216K), 9 survivors (9216K)
 Metaspace       used 135744K, committed 136640K, reserved 1171456K
  class space    used 18215K, committed 18624K, reserved 1048576K
}
Event: 2658.022 GC heap before
{Heap before GC invocations=58 (full 0):
 garbage-first heap   total 268288K, used 209719K [0x0000000080000000, 0x0000000100000000)
  region size 1024K, 94 young (96256K), 9 survivors (9216K)
 Metaspace       used 136077K, committed 136960K, reserved 1171456K
  class space    used 18231K, committed 18624K, reserved 1048576K
}
Event: 2658.040 GC heap after
{Heap after GC invocations=59 (full 0):
 garbage-first heap   total 268288K, used 139367K [0x0000000080000000, 0x0000000100000000)
  region size 1024K, 12 young (12288K), 12 survivors (12288K)
 Metaspace       used 136077K, committed 136960K, reserved 1171456K
  class space    used 18231K, committed 18624K, reserved 1048576K
}
Event: 2658.053 GC heap before
{Heap before GC invocations=59 (full 0):
 garbage-first heap   total 268288K, used 140391K [0x0000000080000000, 0x0000000100000000)
  region size 1024K, 13 young (13312K), 12 survivors (12288K)
 Metaspace       used 136096K, committed 136960K, reserved 1171456K
  class space    used 18231K, committed 18624K, reserved 1048576K
}
Event: 2658.071 GC heap after
{Heap after GC invocations=60 (full 0):
 garbage-first heap   total 268288K, used 131248K [0x0000000080000000, 0x0000000100000000)
  region size 1024K, 2 young (2048K), 2 survivors (2048K)
 Metaspace       used 136096K, committed 136960K, reserved 1171456K
  class space    used 18231K, committed 18624K, reserved 1048576K
}
Event: 2658.714 GC heap before
{Heap before GC invocations=60 (full 0):
 garbage-first heap   total 268288K, used 185520K [0x0000000080000000, 0x0000000100000000)
  region size 1024K, 57 young (58368K), 2 survivors (2048K)
 Metaspace       used 136704K, committed 137536K, reserved 1171456K
  class space    used 18238K, committed 18624K, reserved 1048576K
}
Event: 2658.720 GC heap after
{Heap after GC invocations=61 (full 0):
 garbage-first heap   total 268288K, used 131767K [0x0000000080000000, 0x0000000100000000)
  region size 1024K, 2 young (2048K), 2 survivors (2048K)
 Metaspace       used 136704K, committed 137536K, reserved 1171456K
  class space    used 18238K, committed 18624K, reserved 1048576K
}
Event: 2724.469 GC heap before
{Heap before GC invocations=62 (full 0):
 garbage-first heap   total 283648K, used 249527K [0x0000000080000000, 0x0000000100000000)
  region size 1024K, 81 young (82944K), 2 survivors (2048K)
 Metaspace       used 136914K, committed 137728K, reserved 1171456K
  class space    used 18239K, committed 18624K, reserved 1048576K
}
Event: 2724.477 GC heap after
{Heap after GC invocations=63 (full 0):
 garbage-first heap   total 283648K, used 145100K [0x0000000080000000, 0x0000000100000000)
  region size 1024K, 11 young (11264K), 11 survivors (11264K)
 Metaspace       used 136914K, committed 137728K, reserved 1171456K
  class space    used 18239K, committed 18624K, reserved 1048576K
}
Event: 2724.487 GC heap before
{Heap before GC invocations=63 (full 0):
 garbage-first heap   total 283648K, used 147148K [0x0000000080000000, 0x0000000100000000)
  region size 1024K, 13 young (13312K), 11 survivors (11264K)
 Metaspace       used 136914K, committed 137728K, reserved 1171456K
  class space    used 18239K, committed 18624K, reserved 1048576K
}
Event: 2724.508 GC heap after
{Heap after GC invocations=64 (full 0):
 garbage-first heap   total 283648K, used 126646K [0x0000000080000000, 0x0000000100000000)
  region size 1024K, 2 young (2048K), 2 survivors (2048K)
 Metaspace       used 136914K, committed 137728K, reserved 1171456K
  class space    used 18239K, committed 18624K, reserved 1048576K
}
Event: 2724.605 GC heap before
{Heap before GC invocations=64 (full 0):
 garbage-first heap   total 283648K, used 137910K [0x0000000080000000, 0x0000000100000000)
  region size 1024K, 13 young (13312K), 2 survivors (2048K)
 Metaspace       used 136924K, committed 137728K, reserved 1171456K
  class space    used 18239K, committed 18624K, reserved 1048576K
}

