# JRE version: OpenJDK Runtime Environment (17.0.6) (build 17.0.6+0-b2043.56-10027231)
# Java VM: OpenJDK 64-Bit Server VM (17.0.6+0-b2043.56-10027231, mixed mode, tiered, compressed oops, compressed class ptrs, g1 gc, windows-amd64)
GC Precious Log:
 CPUs: 8 total, 8 available
 Memory: 16228M
 Large Page Support: Disabled
 NUMA Support: Disabled
 Compressed Oops: Enabled (32-bit)
 Heap Region Size: 1M
 Heap Min Capacity: 8M
 Heap Initial Capacity: 254M
 Heap Max Capacity: 2G
 Pre-touch: Disabled
 Parallel Workers: 8
 Concurrent Workers: 2
 Concurrent Refinement Workers: 8
 Periodic GC: Disabled
Heap:
 garbage-first heap   total 267264K, used 165355K [0x0000000080000000, 0x0000000100000000)
  region size 1024K, 71 young (72704K), 14 survivors (14336K)
 Metaspace       used 102435K, committed 103168K, reserved 1138688K
  class space    used 13638K, committed 14016K, reserved 1048576K
GC Heap History (20 events):
Event: 9.456 GC heap before
{Heap before GC invocations=28 (full 0):
 garbage-first heap   total 125952K, used 96263K [0x0000000080000000, 0x0000000100000000)
  region size 1024K, 43 young (44032K), 5 survivors (5120K)
 Metaspace       used 82305K, committed 82944K, reserved 1122304K
  class space    used 11141K, committed 11456K, reserved 1048576K
}
Event: 9.462 GC heap after
{Heap after GC invocations=29 (full 0):
 garbage-first heap   total 125952K, used 60653K [0x0000000080000000, 0x0000000100000000)
  region size 1024K, 5 young (5120K), 5 survivors (5120K)
 Metaspace       used 82305K, committed 82944K, reserved 1122304K
  class space    used 11141K, committed 11456K, reserved 1048576K
}
Event: 10.052 GC heap before
{Heap before GC invocations=29 (full 0):
 garbage-first heap   total 125952K, used 98541K [0x0000000080000000, 0x0000000100000000)
  region size 1024K, 42 young (43008K), 5 survivors (5120K)
 Metaspace       used 86438K, committed 87040K, reserved 1130496K
  class space    used 11782K, committed 12032K, reserved 1048576K
}
Event: 10.057 GC heap after
{Heap after GC invocations=30 (full 0):
 garbage-first heap   total 125952K, used 63220K [0x0000000080000000, 0x0000000100000000)
  region size 1024K, 6 young (6144K), 6 survivors (6144K)
 Metaspace       used 86438K, committed 87040K, reserved 1130496K
  class space    used 11782K, committed 12032K, reserved 1048576K
}
Event: 10.571 GC heap before
{Heap before GC invocations=30 (full 0):
 garbage-first heap   total 125952K, used 100084K [0x0000000080000000, 0x0000000100000000)
  region size 1024K, 42 young (43008K), 6 survivors (6144K)
 Metaspace       used 89381K, committed 90048K, reserved 1130496K
  class space    used 12147K, committed 12480K, reserved 1048576K
}
Event: 10.580 GC heap after
{Heap after GC invocations=31 (full 0):
 garbage-first heap   total 125952K, used 67104K [0x0000000080000000, 0x0000000100000000)
  region size 1024K, 6 young (6144K), 6 survivors (6144K)
 Metaspace       used 89381K, committed 90048K, reserved 1130496K
  class space    used 12147K, committed 12480K, reserved 1048576K
}
Event: 10.883 GC heap before
{Heap before GC invocations=32 (full 0):
 garbage-first heap   total 125952K, used 100896K [0x0000000080000000, 0x0000000100000000)
  region size 1024K, 39 young (39936K), 6 survivors (6144K)
 Metaspace       used 89704K, committed 90304K, reserved 1130496K
  class space    used 12165K, committed 12480K, reserved 1048576K
}
Event: 10.892 GC heap after
{Heap after GC invocations=33 (full 0):
 garbage-first heap   total 125952K, used 72936K [0x0000000080000000, 0x0000000100000000)
  region size 1024K, 5 young (5120K), 5 survivors (5120K)
 Metaspace       used 89704K, committed 90304K, reserved 1130496K
  class space    used 12165K, committed 12480K, reserved 1048576K
}
Event: 10.908 GC heap before
{Heap before GC invocations=33 (full 0):
 garbage-first heap   total 125952K, used 73960K [0x0000000080000000, 0x0000000100000000)
  region size 1024K, 6 young (6144K), 5 survivors (5120K)
 Metaspace       used 89786K, committed 90368K, reserved 1130496K
  class space    used 12174K, committed 12480K, reserved 1048576K
}
Event: 10.914 GC heap after
{Heap after GC invocations=34 (full 0):
 garbage-first heap   total 125952K, used 74276K [0x0000000080000000, 0x0000000100000000)
  region size 1024K, 1 young (1024K), 1 survivors (1024K)
 Metaspace       used 89786K, committed 90368K, reserved 1130496K
  class space    used 12174K, committed 12480K, reserved 1048576K
}
Event: 11.008 GC heap before
{Heap before GC invocations=34 (full 0):
 garbage-first heap   total 125952K, used 81444K [0x0000000080000000, 0x0000000100000000)
  region size 1024K, 9 young (9216K), 1 survivors (1024K)
 Metaspace       used 90395K, committed 91008K, reserved 1130496K
  class space    used 12235K, committed 12544K, reserved 1048576K
}
Event: 11.009 GC heap after
{Heap after GC invocations=35 (full 0):
 garbage-first heap   total 125952K, used 76480K [0x0000000080000000, 0x0000000100000000)
  region size 1024K, 4 young (4096K), 4 survivors (4096K)
 Metaspace       used 90395K, committed 91008K, reserved 1130496K
  class space    used 12235K, committed 12544K, reserved 1048576K
}
Event: 11.358 GC heap before
{Heap before GC invocations=36 (full 0):
 garbage-first heap   total 138240K, used 100032K [0x0000000080000000, 0x0000000100000000)
  region size 1024K, 26 young (26624K), 4 survivors (4096K)
 Metaspace       used 92906K, committed 93568K, reserved 1130496K
  class space    used 12609K, committed 12928K, reserved 1048576K
}
Event: 11.363 GC heap after
{Heap after GC invocations=37 (full 0):
 garbage-first heap   total 138240K, used 78192K [0x0000000080000000, 0x0000000100000000)
  region size 1024K, 3 young (3072K), 3 survivors (3072K)
 Metaspace       used 92906K, committed 93568K, reserved 1130496K
  class space    used 12609K, committed 12928K, reserved 1048576K
}
Event: 11.382 GC heap before
{Heap before GC invocations=37 (full 0):
 garbage-first heap   total 138240K, used 81264K [0x0000000080000000, 0x0000000100000000)
  region size 1024K, 6 young (6144K), 3 survivors (3072K)
 Metaspace       used 92989K, committed 93632K, reserved 1130496K
  class space    used 12636K, committed 12928K, reserved 1048576K
}
Event: 11.388 GC heap after
{Heap after GC invocations=38 (full 0):
 garbage-first heap   total 267264K, used 78501K [0x0000000080000000, 0x0000000100000000)
  region size 1024K, 1 young (1024K), 1 survivors (1024K)
 Metaspace       used 92989K, committed 93632K, reserved 1130496K
  class space    used 12636K, committed 12928K, reserved 1048576K
}
Event: 12.330 GC heap before
{Heap before GC invocations=38 (full 0):
 garbage-first heap   total 267264K, used 191141K [0x0000000080000000, 0x0000000100000000)
  region size 1024K, 112 young (114688K), 1 survivors (1024K)
 Metaspace       used 94172K, committed 94912K, reserved 1138688K
  class space    used 12738K, committed 13056K, reserved 1048576K
}
Event: 12.338 GC heap after
{Heap after GC invocations=39 (full 0):
 garbage-first heap   total 267264K, used 85750K [0x0000000080000000, 0x0000000100000000)
  region size 1024K, 8 young (8192K), 8 survivors (8192K)
 Metaspace       used 94172K, committed 94912K, reserved 1138688K
  class space    used 12738K, committed 13056K, reserved 1048576K
}
Event: 13.879 GC heap before
{Heap before GC invocations=39 (full 0):
 garbage-first heap   total 267264K, used 197366K [0x0000000080000000, 0x0000000100000000)
  region size 1024K, 77 young (78848K), 8 survivors (8192K)
 Metaspace       used 97343K, committed 98048K, reserved 1138688K
  class space    used 13156K, committed 13504K, reserved 1048576K
}
Event: 13.888 GC heap after
{Heap after GC invocations=40 (full 0):
 garbage-first heap   total 267264K, used 105963K [0x0000000080000000, 0x0000000100000000)
  region size 1024K, 14 young (14336K), 14 survivors (14336K)
 Metaspace       used 97343K, committed 98048K, reserved 1138688K
  class space    used 13156K, committed 13504K, reserved 1048576K
}

