# JRE version: OpenJDK Runtime Environment (17.0.6) (build 17.0.6+0-b2043.56-10027231)
# Java VM: OpenJDK 64-Bit Server VM (17.0.6+0-b2043.56-10027231, mixed mode, tiered, compressed oops, compressed class ptrs, g1 gc, windows-amd64)
GC Precious Log:
 CPUs: 8 total, 8 available
 Memory: 16228M
 Large Page Support: Disabled
 NUMA Support: Disabled
 Compressed Oops: Enabled (32-bit)
 Heap Region Size: 1M
 Heap Min Capacity: 8M
 Heap Initial Capacity: 254M
 Heap Max Capacity: 2G
 Pre-touch: Disabled
 Parallel Workers: 8
 Concurrent Workers: 2
 Concurrent Refinement Workers: 8
 Periodic GC: Disabled
Heap:
 garbage-first heap   total 260096K, used 107879K [0x0000000080000000, 0x0000000100000000)
  region size 1024K, 1 young (1024K), 1 survivors (1024K)
 Metaspace       used 96807K, committed 97600K, reserved 1138688K
  class space    used 13134K, committed 13504K, reserved 1048576K
GC Heap History (20 events):
Event: 7.595 GC heap after
{Heap after GC invocations=33 (full 0):
 garbage-first heap   total 107520K, used 63556K [0x0000000080000000, 0x0000000100000000)
  region size 1024K, 4 young (4096K), 4 survivors (4096K)
 Metaspace       used 87780K, committed 88384K, reserved 1130496K
  class space    used 11945K, committed 12224K, reserved 1048576K
}
Event: 7.830 GC heap before
{Heap before GC invocations=34 (full 0):
 garbage-first heap   total 114688K, used 88132K [0x0000000080000000, 0x0000000100000000)
  region size 1024K, 28 young (28672K), 4 survivors (4096K)
 Metaspace       used 89170K, committed 89792K, reserved 1130496K
  class space    used 12133K, committed 12416K, reserved 1048576K
}
Event: 7.836 GC heap after
{Heap after GC invocations=35 (full 0):
 garbage-first heap   total 114688K, used 65599K [0x0000000080000000, 0x0000000100000000)
  region size 1024K, 4 young (4096K), 4 survivors (4096K)
 Metaspace       used 89170K, committed 89792K, reserved 1130496K
  class space    used 12133K, committed 12416K, reserved 1048576K
}
Event: 8.011 GC heap before
{Heap before GC invocations=35 (full 0):
 garbage-first heap   total 114688K, used 94271K [0x0000000080000000, 0x0000000100000000)
  region size 1024K, 32 young (32768K), 4 survivors (4096K)
 Metaspace       used 89342K, committed 90048K, reserved 1130496K
  class space    used 12145K, committed 12480K, reserved 1048576K
}
Event: 8.018 GC heap after
{Heap after GC invocations=36 (full 0):
 garbage-first heap   total 138240K, used 70605K [0x0000000080000000, 0x0000000100000000)
  region size 1024K, 4 young (4096K), 4 survivors (4096K)
 Metaspace       used 89342K, committed 90048K, reserved 1130496K
  class space    used 12145K, committed 12480K, reserved 1048576K
}
Event: 8.217 GC heap before
{Heap before GC invocations=37 (full 0):
 garbage-first heap   total 138240K, used 90061K [0x0000000080000000, 0x0000000100000000)
  region size 1024K, 25 young (25600K), 4 survivors (4096K)
 Metaspace       used 90333K, committed 91008K, reserved 1130496K
  class space    used 12231K, committed 12544K, reserved 1048576K
}
Event: 8.223 GC heap after
{Heap after GC invocations=38 (full 0):
 garbage-first heap   total 138240K, used 76087K [0x0000000080000000, 0x0000000100000000)
  region size 1024K, 5 young (5120K), 5 survivors (5120K)
 Metaspace       used 90333K, committed 91008K, reserved 1130496K
  class space    used 12231K, committed 12544K, reserved 1048576K
}
Event: 8.541 GC heap before
{Heap before GC invocations=39 (full 0):
 garbage-first heap   total 138240K, used 108855K [0x0000000080000000, 0x0000000100000000)
  region size 1024K, 37 young (37888K), 5 survivors (5120K)
 Metaspace       used 92946K, committed 93568K, reserved 1130496K
  class space    used 12648K, committed 12928K, reserved 1048576K
}
Event: 8.547 GC heap after
{Heap after GC invocations=40 (full 0):
 garbage-first heap   total 138240K, used 79189K [0x0000000080000000, 0x0000000100000000)
  region size 1024K, 4 young (4096K), 4 survivors (4096K)
 Metaspace       used 92946K, committed 93568K, reserved 1130496K
  class space    used 12648K, committed 12928K, reserved 1048576K
}
Event: 8.721 GC heap before
{Heap before GC invocations=40 (full 0):
 garbage-first heap   total 138240K, used 108885K [0x0000000080000000, 0x0000000100000000)
  region size 1024K, 34 young (34816K), 4 survivors (4096K)
 Metaspace       used 93151K, committed 93824K, reserved 1130496K
  class space    used 12661K, committed 12992K, reserved 1048576K
}
Event: 8.725 GC heap after
{Heap after GC invocations=41 (full 0):
 garbage-first heap   total 138240K, used 81468K [0x0000000080000000, 0x0000000100000000)
  region size 1024K, 3 young (3072K), 3 survivors (3072K)
 Metaspace       used 93151K, committed 93824K, reserved 1130496K
  class space    used 12661K, committed 12992K, reserved 1048576K
}
Event: 9.161 GC heap before
{Heap before GC invocations=42 (full 0):
 garbage-first heap   total 150528K, used 113212K [0x0000000080000000, 0x0000000100000000)
  region size 1024K, 33 young (33792K), 3 survivors (3072K)
 Metaspace       used 95442K, committed 96128K, reserved 1138688K
  class space    used 12987K, committed 13312K, reserved 1048576K
}
Event: 9.165 GC heap after
{Heap after GC invocations=43 (full 0):
 garbage-first heap   total 150528K, used 89139K [0x0000000080000000, 0x0000000100000000)
  region size 1024K, 5 young (5120K), 5 survivors (5120K)
 Metaspace       used 95442K, committed 96128K, reserved 1138688K
  class space    used 12987K, committed 13312K, reserved 1048576K
}
Event: 9.197 GC heap before
{Heap before GC invocations=43 (full 0):
 garbage-first heap   total 150528K, used 91187K [0x0000000080000000, 0x0000000100000000)
  region size 1024K, 7 young (7168K), 5 survivors (5120K)
 Metaspace       used 95877K, committed 96512K, reserved 1138688K
  class space    used 13048K, committed 13376K, reserved 1048576K
}
Event: 9.201 GC heap after
{Heap after GC invocations=44 (full 0):
 garbage-first heap   total 150528K, used 89547K [0x0000000080000000, 0x0000000100000000)
  region size 1024K, 1 young (1024K), 1 survivors (1024K)
 Metaspace       used 95877K, committed 96512K, reserved 1138688K
  class space    used 13048K, committed 13376K, reserved 1048576K
}
Event: 9.495 GC heap before
{Heap before GC invocations=44 (full 0):
 garbage-first heap   total 150528K, used 118219K [0x0000000080000000, 0x0000000100000000)
  region size 1024K, 29 young (29696K), 1 survivors (1024K)
 Metaspace       used 96700K, committed 97472K, reserved 1138688K
  class space    used 13125K, committed 13504K, reserved 1048576K
}
Event: 9.507 GC heap after
{Heap after GC invocations=45 (full 0):
 garbage-first heap   total 150528K, used 102005K [0x0000000080000000, 0x0000000100000000)
  region size 1024K, 4 young (4096K), 4 survivors (4096K)
 Metaspace       used 96700K, committed 97472K, reserved 1138688K
  class space    used 13125K, committed 13504K, reserved 1048576K
}
Event: 9.698 GC heap before
{Heap before GC invocations=46 (full 0):
 garbage-first heap   total 191488K, used 127605K [0x0000000080000000, 0x0000000100000000)
  region size 1024K, 22 young (22528K), 4 survivors (4096K)
 Metaspace       used 96807K, committed 97600K, reserved 1138688K
  class space    used 13134K, committed 13504K, reserved 1048576K
}
Event: 9.703 GC heap after
{Heap after GC invocations=47 (full 0):
 garbage-first heap   total 191488K, used 107431K [0x0000000080000000, 0x0000000100000000)
  region size 1024K, 3 young (3072K), 3 survivors (3072K)
 Metaspace       used 96807K, committed 97600K, reserved 1138688K
  class space    used 13134K, committed 13504K, reserved 1048576K
}
Event: 9.715 GC heap before
{Heap before GC invocations=47 (full 0):
 garbage-first heap   total 191488K, used 112551K [0x0000000080000000, 0x0000000100000000)
  region size 1024K, 9 young (9216K), 3 survivors (3072K)
 Metaspace       used 96807K, committed 97600K, reserved 1138688K
  class space    used 13134K, committed 13504K, reserved 1048576K
}

